<?xml version="1.0" encoding="UTF-8"?>
<!-- Generated by org.testng.reporters.JUnitXMLReporter -->
<testsuite ignored="0" hostname="santoshumarsmbp.lan" failures="1" tests="1" name="Safari" time="10.455" errors="0" timestamp="2024-04-12T18:39:57 CDT">
  <testcase classname="com.selenium.GetVerify" name="testFacebook" time="10.451">
    <failure type="org.openqa.selenium.SessionNotCreatedException" message="Could not start a new session. Response code 500. Message: Could not create a session: You must enable the &amp;apos;Allow Remote Automation&amp;apos; option in Safari&amp;apos;s Develop menu to control Safari via WebDriver. 
Host info: host: &amp;apos;santoshumarsmbp.lan&amp;apos;, ip: &amp;apos;fe80:0:0:0:80e:ede4:403c:c715%en0&amp;apos;
Build info: version: &amp;apos;4.19.1&amp;apos;, revision: &amp;apos;abe0ee07dc&amp;apos;
System info: os.name: &amp;apos;Mac OS X&amp;apos;, os.arch: &amp;apos;x86_64&amp;apos;, os.version: &amp;apos;12.7.3&amp;apos;, java.version: &amp;apos;17.0.3&amp;apos;
Driver info: org.openqa.selenium.safari.SafariDriver
Command: [null, newSession {capabilities=[Capabilities {browserName: safari}]}]
Capabilities {browserName: safari}">
      <![CDATA[org.openqa.selenium.SessionNotCreatedException: Could not start a new session. Response code 500. Message: Could not create a session: You must enable the 'Allow Remote Automation' option in Safari's Develop menu to control Safari via WebDriver. 
Host info: host: 'santoshumarsmbp.lan', ip: 'fe80:0:0:0:80e:ede4:403c:c715%en0'
Build info: version: '4.19.1', revision: 'abe0ee07dc'
System info: os.name: 'Mac OS X', os.arch: 'x86_64', os.version: '12.7.3', java.version: '17.0.3'
Driver info: org.openqa.selenium.safari.SafariDriver
Command: [null, newSession {capabilities=[Capabilities {browserName: safari}]}]
Capabilities {browserName: safari}
at org.openqa.selenium.remote.ProtocolHandshake.createSession(ProtocolHandshake.java:114)
at org.openqa.selenium.remote.ProtocolHandshake.createSession(ProtocolHandshake.java:75)
at org.openqa.selenium.remote.ProtocolHandshake.createSession(ProtocolHandshake.java:61)
at org.openqa.selenium.remote.HttpCommandExecutor.execute(HttpCommandExecutor.java:162)
at org.openqa.selenium.remote.service.DriverCommandExecutor.invokeExecute(DriverCommandExecutor.java:216)
at org.openqa.selenium.remote.service.DriverCommandExecutor.execute(DriverCommandExecutor.java:174)
at org.openqa.selenium.remote.RemoteWebDriver.execute(RemoteWebDriver.java:518)
at org.openqa.selenium.remote.RemoteWebDriver.startSession(RemoteWebDriver.java:232)
at org.openqa.selenium.remote.RemoteWebDriver.<init>(RemoteWebDriver.java:161)
at org.openqa.selenium.safari.SafariDriver.<init>(SafariDriver.java:84)
at org.openqa.selenium.safari.SafariDriver.<init>(SafariDriver.java:80)
at org.openqa.selenium.safari.SafariDriver.<init>(SafariDriver.java:57)
at org.openqa.selenium.safari.SafariDriver.<init>(SafariDriver.java:48)
at com.selenium.GetVerify.testFacebook(GetVerify.java:33)
at java.base/java.util.ArrayList.forEach(ArrayList.java:1511)
... Removed 27 stack frames]]>
    </failure>
  </testcase> <!-- testFacebook -->
</testsuite> <!-- Safari -->
