<?xml version="1.0" encoding="UTF-8"?>
<testng-results ignored="0" total="1" passed="1" failed="0" skipped="0">
  <reporter-output>
  </reporter-output>
  <suite started-at="2024-04-26T11:13:00 CDT" name="Default suite" finished-at="2024-04-26T11:13:20 CDT" duration-ms="19912">
    <groups>
    </groups>
    <test started-at="2024-04-26T11:13:00 CDT" name="Default test" finished-at="2024-04-26T11:13:20 CDT" duration-ms="19912">
      <class name="com.jcpenny.tests.CheckOutUsingExsistingUser">
        <test-method is-config="true" signature="setUp()[pri:0, instance:com.jcpenny.tests.CheckOutUsingExsistingUser@2ef3eef9]" started-at="2024-04-26T11:13:00 CDT" name="setUp" finished-at="2024-04-26T11:13:08 CDT" duration-ms="7261" status="PASS">
          <reporter-output>
          </reporter-output>
        </test-method> <!-- setUp -->
        <test-method signature="TestcheckOutUsingExsistingUser()[pri:0, instance:com.jcpenny.tests.CheckOutUsingExsistingUser@2ef3eef9]" started-at="2024-04-26T11:13:08 CDT" name="TestcheckOutUsingExsistingUser" finished-at="2024-04-26T11:13:20 CDT" duration-ms="12365" status="PASS">
          <reporter-output>
          </reporter-output>
        </test-method> <!-- TestcheckOutUsingExsistingUser -->
        <test-method is-config="true" signature="tearDown()[pri:0, instance:com.jcpenny.tests.CheckOutUsingExsistingUser@2ef3eef9]" started-at="2024-04-26T11:13:20 CDT" name="tearDown" finished-at="2024-04-26T11:13:20 CDT" duration-ms="251" status="PASS">
          <reporter-output>
          </reporter-output>
        </test-method> <!-- tearDown -->
      </class> <!-- com.jcpenny.tests.CheckOutUsingExsistingUser -->
    </test> <!-- Default test -->
  </suite> <!-- Default suite -->
</testng-results>
