<?xml version="1.0" encoding="UTF-8"?>
<!-- Generated by org.testng.reporters.JUnitXMLReporter -->
<testsuite ignored="1" hostname="santoshumarsmbp.lan" failures="1" tests="9" name="Test" time="0.078" errors="0" timestamp="2024-04-12T15:10:28 CDT">
  <testcase classname="com.test.NewTest" name="f" time="0.005"/>
  <testcase classname="com.test.AssertExample" name="testAssert1" time="0.003"/>
  <testcase classname="com.test.AssertExample" name="testAssert2" time="0.014">
    <failure type="java.lang.AssertionError" message="The following asserts failed:
	Strings are not equal expected [hi!] but found [hello]">
      <![CDATA[java.lang.AssertionError: The following asserts failed:
Strings are not equal expected [hi!] but found [hello]
at com.test.AssertExample.testAssert2(AssertExample.java:37)
at java.base/java.util.ArrayList.forEach(ArrayList.java:1511)
... Removed 29 stack frames]]>
    </failure>
  </testcase> <!-- testAssert2 -->
  <testcase classname="com.test.Dependency" name="addItems" time="0.001"/>
  <testcase classname="com.test.Dependency" name="editItems" time="0.001"/>
  <testcase classname="com.test.Dependency" name="deleteItems" time="0.001"/>
  <testcase classname="com.test.TestAttributes" name="test2" time="0.001"/>
  <testcase classname="com.test.TestAttributes" name="test1" time="0.001"/>
  <testcase classname="com.test.TestAttributes" name="test3" time="0.001"/>
  <testcase classname="com.test.TestAttributes" name="test4" time="0.0">
    <ignored/>
  </testcase> <!-- test4 -->
</testsuite> <!-- Test -->
